15:19:45 **** Incremental Build of configuration Debug for project P1 ****
Info: Internal Builder is used for build
gcc -O0 -g3 -Wall -c -fmessage-length=0 -o thread_test.o "..\\thread_test.c" 
In file included from ..\q.h:14:0,
                 from ..\threads.h:12,
                 from ..\thread_test.c:9:
..\TCB.h:12:22: fatal error: ucontext.h: No such file or directory
 #include <ucontext.h>
                      ^
compilation terminated.
15:22:31 **** Incremental Build of configuration Debug for project P1 ****
Info: Internal Builder is used for build
gcc -O0 -g3 -Wall -c -fmessage-length=0 -o thread_test.o "..\\thread_test.c" 
In file included from ..\q.h:14:0,
                 from ..\threads.h:12,
                 from ..\thread_test.c:9:
..\TCB.h:12:22: fatal error: ucontext.h: No such file or directory
 #include <ucontext.h>
                      ^
compilation terminated.
15:22:58 **** Incremental Build of configuration Debug for project P1 ****
Info: Internal Builder is used for build
gcc -O0 -g3 -Wall -c -fmessage-length=0 -o thread_test.o "..\\thread_test.c" 
In file included from ..\q.h:14:0,
                 from ..\threads.h:12,
                 from ..\thread_test.c:9:
..\TCB.h:12:22: fatal error: ucontext.h: No such file or directory
 #include <ucontext.h>
                      ^
compilation terminated.
15:24:36 **** Incremental Build of configuration Debug for project P1 ****
Info: Internal Builder is used for build
gcc -O0 -g3 -Wall -c -fmessage-length=0 -o thread_test.o "..\\thread_test.c" 
In file included from ..\q.h:14:0,
                 from ..\threads.h:12,
                 from ..\thread_test.c:9:
..\TCB.h:12:22: fatal error: ucontext.h: No such file or directory
 #include <ucontext.h>
                      ^
compilation terminated.
15:24:52 **** Incremental Build of configuration Debug for project P1 ****
Info: Internal Builder is used for build
gcc -O0 -g3 -Wall -c -fmessage-length=0 -o thread_test.o "..\\thread_test.c" 
In file included from ..\q.h:14:0,
                 from ..\threads.h:12,
                 from ..\thread_test.c:9:
..\TCB.h:12:22: fatal error: ucontext.h: No such file or directory
 #include <ucontext.h>
                      ^
compilation terminated.
15:46:27 **** Incremental Build of configuration Debug for project P1 ****
Info: Internal Builder is used for build
gcc -O0 -g3 -Wall -c -fmessage-length=0 -o thread_test.o "..\\thread_test.c" 
In file included from ..\q.h:12:0,
                 from ..\threads.h:12,
                 from ..\thread_test.c:9:
..\TCB.h:12:22: fatal error: ucontext.h: No such file or directory
 #include <ucontext.h>
                      ^
compilation terminated.
15:49:57 **** Incremental Build of configuration Debug for project P1 ****
Info: Internal Builder is used for build
gcc -O0 -g3 -Wall -c -fmessage-length=0 -o thread_test.o "..\\thread_test.c" 
In file included from ..\q.h:12:0,
                 from ..\threads.h:12,
                 from ..\thread_test.c:9:
..\TCB.h:12:22: fatal error: ucontext.h: No such file or directory
 #include <ucontext.h>
                      ^
compilation terminated.
15:59:14 **** Incremental Build of configuration Debug for project P1 ****
Info: Internal Builder is used for build
gcc -O0 -g3 -Wall -c -fmessage-length=0 -o thread_test.o "..\\thread_test.c" 
In file included from ..\q.h:12:0,
                 from ..\threads.h:12,
                 from ..\thread_test.c:9:
..\TCB.h:12:22: fatal error: ucontext.h: No such file or directory
 #include <ucontext.h>
                      ^
compilation terminated.
16:01:46 **** Incremental Build of configuration Debug for project P1 ****
Info: Internal Builder is used for build
gcc -O0 -g3 -Wall -c -fmessage-length=0 -o thread_test.o "..\\thread_test.c" 
In file included from ..\q.h:12:0,
                 from ..\threads.h:12,
                 from ..\thread_test.c:9:
..\TCB.h:12:22: fatal error: ucontext.h: No such file or directory
 #include <ucontext.h>
                      ^
compilation terminated.
16:01:59 **** Incremental Build of configuration Debug for project P1 ****
Info: Internal Builder is used for build
gcc -O0 -g3 -Wall -c -fmessage-length=0 -o thread_test.o "..\\thread_test.c" 
In file included from ..\q.h:12:0,
                 from ..\threads.h:12,
                 from ..\thread_test.c:9:
..\TCB.h:12:22: fatal error: ucontext.h: No such file or directory
 #include <ucontext.h>
                      ^
compilation terminated.
16:43:45 **** Clean-only build of configuration Debug for project P1 ****
rm -rf P1.exe thread_test.o thread_test.d 
Cannot run program "rm": Launching failed

Error: Program "rm" not found in PATH
PATH=[C:/Program Files/Java/jre1.8.0_66/bin/server;C:/Program Files/Java/jre1.8.0_66/bin;C:/Program Files/Java/jre1.8.0_66/lib/amd64;c:\MinGW\bin;c:\MinGW\libexec\gcc\x86_64-pc-mingw32\4.9.2;C:\MinGW\libexec\gcc\x86_64-pc-mingw32\5.3.0;C:\ProgramData\Oracle\Java\javapath;C:\Program Files (x86)\Lenovo\FusionEngine;C:\Program Files (x86)\Intel\iCLS Client\;C:\Program Files\Intel\iCLS Client\;C:\Windows\system32;C:\Windows;C:\Windows\System32\Wbem;C:\Windows\System32\WindowsPowerShell\v1.0\;C:\Program Files\Intel\Intel(R) Management Engine Components\DAL;C:\Program Files\Intel\Intel(R) Management Engine Components\IPT;C:\Program Files (x86)\Intel\Intel(R) Management Engine Components\DAL;C:\Program Files (x86)\Intel\Intel(R) Management Engine Components\IPT;C:\Program Files (x86)\Common Files\lenovo\easyplussdk\bin;C:\Program Files\Intel\WiFi\bin\;C:\Program Files\Common Files\Intel\WirelessCommon\;C:\Program Files\Git\cmd;C:\Windows\system32\config\systemprofile\.dnx\bin;C:\Program Files\Microsoft DNX\Dnvm\;C:\Program Files\Microsoft SQL Server\120\Tools\Binn\;C:\Program Files\Microsoft SQL Server\130\Tools\Binn\;C:\Program Files (x86)\SSH Communications Security\SSH Secure Shell;C:\Users\Tarek\AppData\Local\Microsoft\WindowsApps;C:\Users\Tarek\AppData\Local\atom\bin;C:\Users\Tarek\Desktop\Tarek\Other\eclipse\java-neon\eclipse;]

16:43:45 **** Clean-only build of configuration Debug for project P1 ****
16:43:45 **** Rebuild of configuration Debug for project P1 ****
Info: Internal Builder is used for build
gcc -O0 -g3 -Wall -c -fmessage-length=0 -o thread_test.o "..\\thread_test.c" 
In file included from ..\q.h:12:0,
                 from ..\threads.h:12,
                 from ..\thread_test.c:9:
..\TCB.h:12:22: fatal error: ucontext.h: No such file or directory
 #include <ucontext.h>
                      ^
compilation terminated.
17:02:04 **** Incremental Build of configuration Debug for project P1 ****
Info: Internal Builder is used for build
gcc -O0 -g3 -Wall -c -fmessage-length=0 -o thread_test.o "..\\thread_test.c" 
In file included from ..\q.h:12:0,
                 from ..\threads.h:12,
                 from ..\thread_test.c:9:
..\TCB.h:12:22: fatal error: ucontext.h: No such file or directory
 #include <ucontext.h>
                      ^
compilation terminated.
17:03:33 **** Incremental Build of configuration Debug for project P1 ****
Info: Internal Builder is used for build
gcc -O0 -g3 -Wall -c -fmessage-length=0 -o thread_test.o "..\\thread_test.c" 
In file included from ..\q.h:12:0,
                 from ..\threads.h:12,
                 from ..\thread_test.c:9:
..\TCB.h:12:22: fatal error: ucontext.h: No such file or directory
 #include <ucontext.h>
                      ^
compilation terminated.
